2022-07-21 02:29:43,678 ====== WebDriver manager ======
2022-07-21 02:29:44,350 Get LATEST chromedriver version for google-chrome 103.0.5060
2022-07-21 02:29:44,352 Starting new HTTPS connection (1): chromedriver.storage.googleapis.com:443
2022-07-21 02:29:44,515 https://chromedriver.storage.googleapis.com:443 "GET /LATEST_RELEASE_103.0.5060 HTTP/1.1" 200 14
2022-07-21 02:29:45,203 About to download new driver from https://chromedriver.storage.googleapis.com/103.0.5060.134/chromedriver_win32.zip
2022-07-21 02:29:45,204 Starting new HTTPS connection (1): chromedriver.storage.googleapis.com:443
2022-07-21 02:29:45,379 https://chromedriver.storage.googleapis.com:443 "GET /103.0.5060.134/chromedriver_win32.zip HTTP/1.1" 200 6425778
2022-07-21 02:29:50,589 Driver has been saved in cache [C:\Users\Vlad\.wdm\drivers\chromedriver\win32\103.0.5060]
2022-07-21 02:29:51,173 POST http://localhost:55492/session {"capabilities": {"firstMatch": [{}], "alwaysMatch": {"browserName": "chrome", "pageLoadStrategy": "normal", "goog:chromeOptions": {"detach": true, "extensions": [], "args": []}}}}
2022-07-21 02:29:51,174 Starting new HTTP connection (1): localhost:55492
2022-07-21 02:29:51,845 http://localhost:55492 "POST /session HTTP/1.1" 200 792
2022-07-21 02:29:51,846 Remote response: status=200 | data={"value":{"capabilities":{"acceptInsecureCerts":false,"browserName":"chrome","browserVersion":"103.0.5060.114","chrome":{"chromedriverVersion":"103.0.5060.134 (8ec6fce403b3feb0869b0732eda8bd95011d333c-refs/branch-heads/5060@{#1262})","userDataDir":"C:\\Users\\Vlad\\AppData\\Local\\Temp\\scoped_dir21248_1734731293"},"goog:chromeOptions":{"debuggerAddress":"localhost:55495"},"networkConnectionEnabled":false,"pageLoadStrategy":"normal","platformName":"windows","proxy":{},"setWindowRect":true,"strictFileInteractability":false,"timeouts":{"implicit":0,"pageLoad":300000,"script":30000},"unhandledPromptBehavior":"dismiss and notify","webauthn:extension:credBlob":true,"webauthn:extension:largeBlob":true,"webauthn:virtualAuthenticators":true},"sessionId":"f62414fd090db7b126c25b7db0455596"}} | headers=HTTPHeaderDict({'Content-Length': '792', 'Content-Type': 'application/json; charset=utf-8', 'cache-control': 'no-cache'})
2022-07-21 02:29:51,846 Finished Request
2022-07-21 02:29:51,846 POST http://localhost:55492/session/f62414fd090db7b126c25b7db0455596/url {"url": "https://www.youtube.com"}
2022-07-21 02:29:56,439 http://localhost:55492 "POST /session/f62414fd090db7b126c25b7db0455596/url HTTP/1.1" 200 14
2022-07-21 02:29:56,439 Remote response: status=200 | data={"value":null} | headers=HTTPHeaderDict({'Content-Length': '14', 'Content-Type': 'application/json; charset=utf-8', 'cache-control': 'no-cache'})
2022-07-21 02:29:56,439 Finished Request
2022-07-21 02:29:56,439 POST http://localhost:55492/session/f62414fd090db7b126c25b7db0455596/window/maximize {}
2022-07-21 02:29:56,694 http://localhost:55492 "POST /session/f62414fd090db7b126c25b7db0455596/window/maximize HTTP/1.1" 200 52
2022-07-21 02:29:56,694 Remote response: status=200 | data={"value":{"height":1056,"width":1936,"x":-8,"y":-8}} | headers=HTTPHeaderDict({'Content-Length': '52', 'Content-Type': 'application/json; charset=utf-8', 'cache-control': 'no-cache'})
2022-07-21 02:29:56,694 Finished Request
2022-07-21 02:29:56,694 Opened YouTube in Chrome and maximized the window

2022-07-21 02:29:56,694 POST http://localhost:55492/session/f62414fd090db7b126c25b7db0455596/timeouts {"implicit": 2000}
2022-07-21 02:29:56,695 http://localhost:55492 "POST /session/f62414fd090db7b126c25b7db0455596/timeouts HTTP/1.1" 200 14
2022-07-21 02:29:56,696 Remote response: status=200 | data={"value":null} | headers=HTTPHeaderDict({'Content-Length': '14', 'Content-Type': 'application/json; charset=utf-8', 'cache-control': 'no-cache'})
2022-07-21 02:29:56,696 Finished Request
2022-07-21 02:29:56,696 POST http://localhost:55492/session/f62414fd090db7b126c25b7db0455596/element {"using": "xpath", "value": "/html/body/ytd-app/ytd-consent-bump-v2-lightbox/tp-yt-paper-dialog/div[4]/div[2]/div[6]/div[1]/ytd-button-renderer[2]/a/tp-yt-paper-button"}
2022-07-21 02:29:56,769 http://localhost:55492 "POST /session/f62414fd090db7b126c25b7db0455596/element HTTP/1.1" 200 88
2022-07-21 02:29:56,770 Remote response: status=200 | data={"value":{"element-6066-11e4-a52e-4f735466cecf":"ffaaa427-0524-483b-ba2a-896d90bd114e"}} | headers=HTTPHeaderDict({'Content-Length': '88', 'Content-Type': 'application/json; charset=utf-8', 'cache-control': 'no-cache'})
2022-07-21 02:29:56,770 Finished Request
2022-07-21 02:29:56,770 POST http://localhost:55492/session/f62414fd090db7b126c25b7db0455596/element/ffaaa427-0524-483b-ba2a-896d90bd114e/click {"id": "ffaaa427-0524-483b-ba2a-896d90bd114e"}
2022-07-21 02:29:56,835 http://localhost:55492 "POST /session/f62414fd090db7b126c25b7db0455596/element/ffaaa427-0524-483b-ba2a-896d90bd114e/click HTTP/1.1" 200 14
2022-07-21 02:29:56,835 Remote response: status=200 | data={"value":null} | headers=HTTPHeaderDict({'Content-Length': '14', 'Content-Type': 'application/json; charset=utf-8', 'cache-control': 'no-cache'})
2022-07-21 02:29:56,836 Finished Request
2022-07-21 02:29:56,836 Accepted Terms of Service

2022-07-21 02:29:56,836 POST http://localhost:55492/session/f62414fd090db7b126c25b7db0455596/timeouts {"implicit": 2000}
2022-07-21 02:29:56,836 http://localhost:55492 "POST /session/f62414fd090db7b126c25b7db0455596/timeouts HTTP/1.1" 200 14
2022-07-21 02:29:56,837 Remote response: status=200 | data={"value":null} | headers=HTTPHeaderDict({'Content-Length': '14', 'Content-Type': 'application/json; charset=utf-8', 'cache-control': 'no-cache'})
2022-07-21 02:29:56,837 Finished Request
2022-07-21 02:29:56,837 POST http://localhost:55492/session/f62414fd090db7b126c25b7db0455596/refresh {}
2022-07-21 02:29:56,852 http://localhost:55492 "POST /session/f62414fd090db7b126c25b7db0455596/refresh HTTP/1.1" 200 14
2022-07-21 02:29:56,853 Remote response: status=200 | data={"value":null} | headers=HTTPHeaderDict({'Content-Length': '14', 'Content-Type': 'application/json; charset=utf-8', 'cache-control': 'no-cache'})
2022-07-21 02:29:56,853 Finished Request
2022-07-21 02:29:56,853 POST http://localhost:55492/session/f62414fd090db7b126c25b7db0455596/element {"using": "xpath", "value": "/html/body/ytd-app/div[1]/ytd-page-manager/ytd-browse/ytd-two-column-browse-results-renderer/div[1]/ytd-rich-grid-renderer/div[6]/ytd-rich-grid-row[1]/div/ytd-rich-item-renderer[3]/div/ytd-rich-grid-media/div[1]/div[2]/div[1]/h3/a"}
2022-07-21 02:29:58,546 http://localhost:55492 "POST /session/f62414fd090db7b126c25b7db0455596/element HTTP/1.1" 200 88
2022-07-21 02:29:58,547 Remote response: status=200 | data={"value":{"element-6066-11e4-a52e-4f735466cecf":"5bf3eac5-f2ac-4c7b-b046-6bf7546e344c"}} | headers=HTTPHeaderDict({'Content-Length': '88', 'Content-Type': 'application/json; charset=utf-8', 'cache-control': 'no-cache'})
2022-07-21 02:29:58,547 Finished Request
2022-07-21 02:29:58,547 POST http://localhost:55492/session/f62414fd090db7b126c25b7db0455596/element/5bf3eac5-f2ac-4c7b-b046-6bf7546e344c/click {"id": "5bf3eac5-f2ac-4c7b-b046-6bf7546e344c"}
2022-07-21 02:29:58,779 http://localhost:55492 "POST /session/f62414fd090db7b126c25b7db0455596/element/5bf3eac5-f2ac-4c7b-b046-6bf7546e344c/click HTTP/1.1" 200 14
2022-07-21 02:29:58,779 Remote response: status=200 | data={"value":null} | headers=HTTPHeaderDict({'Content-Length': '14', 'Content-Type': 'application/json; charset=utf-8', 'cache-control': 'no-cache'})
2022-07-21 02:29:58,779 Finished Request
2022-07-21 02:29:58,779 Selected a random video

2022-07-21 02:29:58,779 POST http://localhost:55492/session/f62414fd090db7b126c25b7db0455596/timeouts {"implicit": 2000}
2022-07-21 02:29:58,780 http://localhost:55492 "POST /session/f62414fd090db7b126c25b7db0455596/timeouts HTTP/1.1" 200 14
2022-07-21 02:29:58,780 Remote response: status=200 | data={"value":null} | headers=HTTPHeaderDict({'Content-Length': '14', 'Content-Type': 'application/json; charset=utf-8', 'cache-control': 'no-cache'})
2022-07-21 02:29:58,781 Finished Request
2022-07-21 02:29:58,781 POST http://localhost:55492/session/f62414fd090db7b126c25b7db0455596/element {"using": "css selector", "value": "[id=\"ad-image:4\"]"}
2022-07-21 02:30:00,836 http://localhost:55492 "POST /session/f62414fd090db7b126c25b7db0455596/element HTTP/1.1" 404 1031
2022-07-21 02:30:00,837 Remote response: status=404 | data={"value":{"error":"no such element","message":"no such element: Unable to locate element: {\"method\":\"css selector\",\"selector\":\"[id=\"ad-image:4\"]\"}\n  (Session info: chrome=103.0.5060.114)","stacktrace":"Backtrace:\n\tOrdinal0 [0x003C5FD3+2187219]\n\tOrdinal0 [0x0035E6D1+1763025]\n\tOrdinal0 [0x00273E78+802424]\n\tOrdinal0 [0x002A1C10+990224]\n\tOrdinal0 [0x002A1EAB+990891]\n\tOrdinal0 [0x002CEC92+1174674]\n\tOrdinal0 [0x002BCBD4+1100756]\n\tOrdinal0 [0x002CCFC2+1167298]\n\tOrdinal0 [0x002BC9A6+1100198]\n\tOrdinal0 [0x00296F80+946048]\n\tOrdinal0 [0x00297E76+949878]\n\tGetHandleVerifier [0x006690C2+2721218]\n\tGetHandleVerifier [0x0065AAF0+2662384]\n\tGetHandleVerifier [0x0045137A+526458]\n\tGetHandleVerifier [0x00450416+522518]\n\tOrdinal0 [0x00364EAB+1789611]\n\tOrdinal0 [0x003697A8+1808296]\n\tOrdinal0 [0x00369895+1808533]\n\tOrdinal0 [0x003726C1+1844929]\n\tBaseThreadInitThunk [0x7759FA29+25]\n\tRtlGetAppContainerNamedObjectPath [0x779D7A9E+286]\n\tRtlGetAppContainerNamedObjectPath [0x779D7A6E+238]\n"}} | headers=HTTPHeaderDict({'Content-Length': '1031', 'Content-Type': 'application/json; charset=utf-8', 'cache-control': 'no-cache'})
2022-07-21 02:30:00,837 Finished Request
2022-07-21 02:30:00,837 no unskippable adds

2022-07-21 02:30:00,837 POST http://localhost:55492/session/f62414fd090db7b126c25b7db0455596/element {"using": "xpath", "value": "//button[contains(@class, 'ytp-ad-skip-button ytp-button')]"}
2022-07-21 02:30:02,872 http://localhost:55492 "POST /session/f62414fd090db7b126c25b7db0455596/element HTTP/1.1" 404 1064
2022-07-21 02:30:02,872 Remote response: status=404 | data={"value":{"error":"no such element","message":"no such element: Unable to locate element: {\"method\":\"xpath\",\"selector\":\"//button[contains(@class, 'ytp-ad-skip-button ytp-button')]\"}\n  (Session info: chrome=103.0.5060.114)","stacktrace":"Backtrace:\n\tOrdinal0 [0x003C5FD3+2187219]\n\tOrdinal0 [0x0035E6D1+1763025]\n\tOrdinal0 [0x00273E78+802424]\n\tOrdinal0 [0x002A1C10+990224]\n\tOrdinal0 [0x002A1EAB+990891]\n\tOrdinal0 [0x002CEC92+1174674]\n\tOrdinal0 [0x002BCBD4+1100756]\n\tOrdinal0 [0x002CCFC2+1167298]\n\tOrdinal0 [0x002BC9A6+1100198]\n\tOrdinal0 [0x00296F80+946048]\n\tOrdinal0 [0x00297E76+949878]\n\tGetHandleVerifier [0x006690C2+2721218]\n\tGetHandleVerifier [0x0065AAF0+2662384]\n\tGetHandleVerifier [0x0045137A+526458]\n\tGetHandleVerifier [0x00450416+522518]\n\tOrdinal0 [0x00364EAB+1789611]\n\tOrdinal0 [0x003697A8+1808296]\n\tOrdinal0 [0x00369895+1808533]\n\tOrdinal0 [0x003726C1+1844929]\n\tBaseThreadInitThunk [0x7759FA29+25]\n\tRtlGetAppContainerNamedObjectPath [0x779D7A9E+286]\n\tRtlGetAppContainerNamedObjectPath [0x779D7A6E+238]\n"}} | headers=HTTPHeaderDict({'Content-Length': '1064', 'Content-Type': 'application/json; charset=utf-8', 'cache-control': 'no-cache'})
2022-07-21 02:30:02,872 Finished Request
2022-07-21 02:30:02,872 no skippable adds

2022-07-21 02:30:02,873 POST http://localhost:55492/session/f62414fd090db7b126c25b7db0455596/element {"using": "css selector", "value": "[id=\"ad-image:4\"]"}
2022-07-21 02:30:04,934 http://localhost:55492 "POST /session/f62414fd090db7b126c25b7db0455596/element HTTP/1.1" 404 1031
2022-07-21 02:30:04,935 Remote response: status=404 | data={"value":{"error":"no such element","message":"no such element: Unable to locate element: {\"method\":\"css selector\",\"selector\":\"[id=\"ad-image:4\"]\"}\n  (Session info: chrome=103.0.5060.114)","stacktrace":"Backtrace:\n\tOrdinal0 [0x003C5FD3+2187219]\n\tOrdinal0 [0x0035E6D1+1763025]\n\tOrdinal0 [0x00273E78+802424]\n\tOrdinal0 [0x002A1C10+990224]\n\tOrdinal0 [0x002A1EAB+990891]\n\tOrdinal0 [0x002CEC92+1174674]\n\tOrdinal0 [0x002BCBD4+1100756]\n\tOrdinal0 [0x002CCFC2+1167298]\n\tOrdinal0 [0x002BC9A6+1100198]\n\tOrdinal0 [0x00296F80+946048]\n\tOrdinal0 [0x00297E76+949878]\n\tGetHandleVerifier [0x006690C2+2721218]\n\tGetHandleVerifier [0x0065AAF0+2662384]\n\tGetHandleVerifier [0x0045137A+526458]\n\tGetHandleVerifier [0x00450416+522518]\n\tOrdinal0 [0x00364EAB+1789611]\n\tOrdinal0 [0x003697A8+1808296]\n\tOrdinal0 [0x00369895+1808533]\n\tOrdinal0 [0x003726C1+1844929]\n\tBaseThreadInitThunk [0x7759FA29+25]\n\tRtlGetAppContainerNamedObjectPath [0x779D7A9E+286]\n\tRtlGetAppContainerNamedObjectPath [0x779D7A6E+238]\n"}} | headers=HTTPHeaderDict({'Content-Length': '1031', 'Content-Type': 'application/json; charset=utf-8', 'cache-control': 'no-cache'})
2022-07-21 02:30:04,935 Finished Request
2022-07-21 02:30:04,935 no unskippable adds

2022-07-21 02:30:04,935 POST http://localhost:55492/session/f62414fd090db7b126c25b7db0455596/element {"using": "xpath", "value": "//button[contains(@class, 'ytp-ad-skip-button ytp-button')]"}
2022-07-21 02:30:06,971 http://localhost:55492 "POST /session/f62414fd090db7b126c25b7db0455596/element HTTP/1.1" 404 1064
2022-07-21 02:30:06,971 Remote response: status=404 | data={"value":{"error":"no such element","message":"no such element: Unable to locate element: {\"method\":\"xpath\",\"selector\":\"//button[contains(@class, 'ytp-ad-skip-button ytp-button')]\"}\n  (Session info: chrome=103.0.5060.114)","stacktrace":"Backtrace:\n\tOrdinal0 [0x003C5FD3+2187219]\n\tOrdinal0 [0x0035E6D1+1763025]\n\tOrdinal0 [0x00273E78+802424]\n\tOrdinal0 [0x002A1C10+990224]\n\tOrdinal0 [0x002A1EAB+990891]\n\tOrdinal0 [0x002CEC92+1174674]\n\tOrdinal0 [0x002BCBD4+1100756]\n\tOrdinal0 [0x002CCFC2+1167298]\n\tOrdinal0 [0x002BC9A6+1100198]\n\tOrdinal0 [0x00296F80+946048]\n\tOrdinal0 [0x00297E76+949878]\n\tGetHandleVerifier [0x006690C2+2721218]\n\tGetHandleVerifier [0x0065AAF0+2662384]\n\tGetHandleVerifier [0x0045137A+526458]\n\tGetHandleVerifier [0x00450416+522518]\n\tOrdinal0 [0x00364EAB+1789611]\n\tOrdinal0 [0x003697A8+1808296]\n\tOrdinal0 [0x00369895+1808533]\n\tOrdinal0 [0x003726C1+1844929]\n\tBaseThreadInitThunk [0x7759FA29+25]\n\tRtlGetAppContainerNamedObjectPath [0x779D7A9E+286]\n\tRtlGetAppContainerNamedObjectPath [0x779D7A6E+238]\n"}} | headers=HTTPHeaderDict({'Content-Length': '1064', 'Content-Type': 'application/json; charset=utf-8', 'cache-control': 'no-cache'})
2022-07-21 02:30:06,971 Finished Request
2022-07-21 02:30:06,971 no skippable adds

2022-07-21 02:30:06,971 POST http://localhost:55492/session/f62414fd090db7b126c25b7db0455596/refresh {}
2022-07-21 02:30:07,031 http://localhost:55492 "POST /session/f62414fd090db7b126c25b7db0455596/refresh HTTP/1.1" 200 14
2022-07-21 02:30:07,031 Remote response: status=200 | data={"value":null} | headers=HTTPHeaderDict({'Content-Length': '14', 'Content-Type': 'application/json; charset=utf-8', 'cache-control': 'no-cache'})
2022-07-21 02:30:07,032 Finished Request
2022-07-21 02:30:07,032 POST http://localhost:55492/session/f62414fd090db7b126c25b7db0455596/element {"using": "xpath", "value": "//button[contains(@class, 'ytp-fullscreen-button ytp-button')]"}
2022-07-21 02:30:08,525 http://localhost:55492 "POST /session/f62414fd090db7b126c25b7db0455596/element HTTP/1.1" 200 88
2022-07-21 02:30:08,526 Remote response: status=200 | data={"value":{"element-6066-11e4-a52e-4f735466cecf":"89829595-178f-41d2-a853-95a4b7b63449"}} | headers=HTTPHeaderDict({'Content-Length': '88', 'Content-Type': 'application/json; charset=utf-8', 'cache-control': 'no-cache'})
2022-07-21 02:30:08,526 Finished Request
2022-07-21 02:30:08,526 POST http://localhost:55492/session/f62414fd090db7b126c25b7db0455596/element/89829595-178f-41d2-a853-95a4b7b63449/click {"id": "89829595-178f-41d2-a853-95a4b7b63449"}
2022-07-21 02:30:08,799 http://localhost:55492 "POST /session/f62414fd090db7b126c25b7db0455596/element/89829595-178f-41d2-a853-95a4b7b63449/click HTTP/1.1" 200 14
2022-07-21 02:30:08,799 Remote response: status=200 | data={"value":null} | headers=HTTPHeaderDict({'Content-Length': '14', 'Content-Type': 'application/json; charset=utf-8', 'cache-control': 'no-cache'})
2022-07-21 02:30:08,799 Finished Request
2022-07-21 02:30:08,800 Video now in fullscreen

2022-07-21 02:30:08,800 POST http://localhost:55492/session/f62414fd090db7b126c25b7db0455596/timeouts {"implicit": 3000}
2022-07-21 02:30:08,801 http://localhost:55492 "POST /session/f62414fd090db7b126c25b7db0455596/timeouts HTTP/1.1" 200 14
2022-07-21 02:30:08,801 Remote response: status=200 | data={"value":null} | headers=HTTPHeaderDict({'Content-Length': '14', 'Content-Type': 'application/json; charset=utf-8', 'cache-control': 'no-cache'})
2022-07-21 02:30:08,801 Finished Request
2022-07-21 02:30:10,821 PROCESS1 starts
2022-07-21 02:30:10,821 PROCESS2 starts
2022-07-21 02:30:30,251 C:\Users\Vlad\Desktop\ProiectInternship\ProgramVideoPlayer\venv\lib\site-packages\moviepy\video\io\ffmpeg_reader.py:123: UserWarning: Warning: in file Recording.avi, 6220800 bytes wanted but 0 bytes read,at frame 155/156, at time 9.12/9.12 sec. Using the last valid frame instead.
  warnings.warn("Warning: in file %s, "%(self.filename)+

