2022-07-19 01:47:41,250 ====== WebDriver manager ======
2022-07-19 01:47:41,946 Get LATEST chromedriver version for google-chrome 103.0.5060
2022-07-19 01:47:41,949 Starting new HTTPS connection (1): chromedriver.storage.googleapis.com:443
2022-07-19 01:47:42,115 https://chromedriver.storage.googleapis.com:443 "GET /LATEST_RELEASE_103.0.5060 HTTP/1.1" 200 13
2022-07-19 01:47:42,825 About to download new driver from https://chromedriver.storage.googleapis.com/103.0.5060.53/chromedriver_win32.zip
2022-07-19 01:47:42,826 Starting new HTTPS connection (1): chromedriver.storage.googleapis.com:443
2022-07-19 01:47:42,989 https://chromedriver.storage.googleapis.com:443 "GET /103.0.5060.53/chromedriver_win32.zip HTTP/1.1" 200 6419507
2022-07-19 01:47:48,337 Driver has been saved in cache [C:\Users\Vlad\.wdm\drivers\chromedriver\win32\103.0.5060]
2022-07-19 01:47:48,899 POST http://localhost:64321/session {"capabilities": {"firstMatch": [{}], "alwaysMatch": {"browserName": "chrome", "pageLoadStrategy": "normal", "goog:chromeOptions": {"detach": true, "extensions": [], "args": []}}}}
2022-07-19 01:47:48,900 Starting new HTTP connection (1): localhost:64321
2022-07-19 01:47:49,611 http://localhost:64321 "POST /session HTTP/1.1" 200 789
2022-07-19 01:47:49,612 Remote response: status=200 | data={"value":{"capabilities":{"acceptInsecureCerts":false,"browserName":"chrome","browserVersion":"103.0.5060.114","chrome":{"chromedriverVersion":"103.0.5060.53 (a1711811edd74ff1cf2150f36ffa3b0dae40b17f-refs/branch-heads/5060@{#853})","userDataDir":"C:\\Users\\Vlad\\AppData\\Local\\Temp\\scoped_dir5932_2065415872"},"goog:chromeOptions":{"debuggerAddress":"localhost:64336"},"networkConnectionEnabled":false,"pageLoadStrategy":"normal","platformName":"windows","proxy":{},"setWindowRect":true,"strictFileInteractability":false,"timeouts":{"implicit":0,"pageLoad":300000,"script":30000},"unhandledPromptBehavior":"dismiss and notify","webauthn:extension:credBlob":true,"webauthn:extension:largeBlob":true,"webauthn:virtualAuthenticators":true},"sessionId":"7f9271cb029405ede74b752cf36a0035"}} | headers=HTTPHeaderDict({'Content-Length': '789', 'Content-Type': 'application/json; charset=utf-8', 'cache-control': 'no-cache'})
2022-07-19 01:47:49,612 Finished Request
2022-07-19 01:47:49,612 POST http://localhost:64321/session/7f9271cb029405ede74b752cf36a0035/url {"url": "https://www.youtube.com"}
2022-07-19 01:47:51,841 http://localhost:64321 "POST /session/7f9271cb029405ede74b752cf36a0035/url HTTP/1.1" 200 14
2022-07-19 01:47:51,841 Remote response: status=200 | data={"value":null} | headers=HTTPHeaderDict({'Content-Length': '14', 'Content-Type': 'application/json; charset=utf-8', 'cache-control': 'no-cache'})
2022-07-19 01:47:51,842 Finished Request
2022-07-19 01:47:51,842 POST http://localhost:64321/session/7f9271cb029405ede74b752cf36a0035/window/maximize {}
2022-07-19 01:47:51,844 http://localhost:64321 "POST /session/7f9271cb029405ede74b752cf36a0035/window/maximize HTTP/1.1" 404 940
2022-07-19 01:47:51,844 Remote response: status=404 | data={"value":{"error":"no such window","message":"no such window: target window already closed\nfrom unknown error: web view not found\n  (Session info: chrome=103.0.5060.114)","stacktrace":"Backtrace:\n\tOrdinal0 [0x01006463+2188387]\n\tOrdinal0 [0x00F9E461+1762401]\n\tOrdinal0 [0x00EB3D78+802168]\n\tOrdinal0 [0x00E9C680+706176]\n\tOrdinal0 [0x00EFF169+1110377]\n\tOrdinal0 [0x00F0C3C2+1164226]\n\tOrdinal0 [0x00EFC5F6+1099254]\n\tOrdinal0 [0x00ED6BE0+945120]\n\tOrdinal0 [0x00ED7AD6+948950]\n\tGetHandleVerifier [0x012A71F2+2712546]\n\tGetHandleVerifier [0x0129886D+2652765]\n\tGetHandleVerifier [0x0109002A+520730]\n\tGetHandleVerifier [0x0108EE06+516086]\n\tOrdinal0 [0x00FA468B+1787531]\n\tOrdinal0 [0x00FA8E88+1805960]\n\tOrdinal0 [0x00FA8F75+1806197]\n\tOrdinal0 [0x00FB1DF1+1842673]\n\tBaseThreadInitThunk [0x755FFA29+25]\n\tRtlGetAppContainerNamedObjectPath [0x77137A9E+286]\n\tRtlGetAppContainerNamedObjectPath [0x77137A6E+238]\n"}} | headers=HTTPHeaderDict({'Content-Length': '940', 'Content-Type': 'application/json; charset=utf-8', 'cache-control': 'no-cache'})
2022-07-19 01:47:51,844 Finished Request
2022-07-19 01:47:51,844 error

2022-07-19 01:47:51,844 POST http://localhost:64321/session/7f9271cb029405ede74b752cf36a0035/element {"using": "xpath", "value": "/html/body/ytd-app/ytd-consent-bump-v2-lightbox/tp-yt-paper-dialog/div[4]/div[2]/div[6]/div[1]/ytd-button-renderer[2]/a/tp-yt-paper-button"}
2022-07-19 01:47:51,847 http://localhost:64321 "POST /session/7f9271cb029405ede74b752cf36a0035/element HTTP/1.1" 404 940
2022-07-19 01:47:51,847 Remote response: status=404 | data={"value":{"error":"no such window","message":"no such window: target window already closed\nfrom unknown error: web view not found\n  (Session info: chrome=103.0.5060.114)","stacktrace":"Backtrace:\n\tOrdinal0 [0x01006463+2188387]\n\tOrdinal0 [0x00F9E461+1762401]\n\tOrdinal0 [0x00EB3D78+802168]\n\tOrdinal0 [0x00E9C680+706176]\n\tOrdinal0 [0x00EFF169+1110377]\n\tOrdinal0 [0x00F0C3C2+1164226]\n\tOrdinal0 [0x00EFC5F6+1099254]\n\tOrdinal0 [0x00ED6BE0+945120]\n\tOrdinal0 [0x00ED7AD6+948950]\n\tGetHandleVerifier [0x012A71F2+2712546]\n\tGetHandleVerifier [0x0129886D+2652765]\n\tGetHandleVerifier [0x0109002A+520730]\n\tGetHandleVerifier [0x0108EE06+516086]\n\tOrdinal0 [0x00FA468B+1787531]\n\tOrdinal0 [0x00FA8E88+1805960]\n\tOrdinal0 [0x00FA8F75+1806197]\n\tOrdinal0 [0x00FB1DF1+1842673]\n\tBaseThreadInitThunk [0x755FFA29+25]\n\tRtlGetAppContainerNamedObjectPath [0x77137A9E+286]\n\tRtlGetAppContainerNamedObjectPath [0x77137A6E+238]\n"}} | headers=HTTPHeaderDict({'Content-Length': '940', 'Content-Type': 'application/json; charset=utf-8', 'cache-control': 'no-cache'})
2022-07-19 01:47:51,847 Finished Request
2022-07-19 01:47:51,847 Terms of Service didn't appear/ Page loaded too quickly/ other error

2022-07-19 01:47:51,847 POST http://localhost:64321/session/7f9271cb029405ede74b752cf36a0035/refresh {}
2022-07-19 01:47:51,849 http://localhost:64321 "POST /session/7f9271cb029405ede74b752cf36a0035/refresh HTTP/1.1" 404 940
2022-07-19 01:47:51,849 Remote response: status=404 | data={"value":{"error":"no such window","message":"no such window: target window already closed\nfrom unknown error: web view not found\n  (Session info: chrome=103.0.5060.114)","stacktrace":"Backtrace:\n\tOrdinal0 [0x01006463+2188387]\n\tOrdinal0 [0x00F9E461+1762401]\n\tOrdinal0 [0x00EB3D78+802168]\n\tOrdinal0 [0x00E9C680+706176]\n\tOrdinal0 [0x00EFF169+1110377]\n\tOrdinal0 [0x00F0C3C2+1164226]\n\tOrdinal0 [0x00EFC5F6+1099254]\n\tOrdinal0 [0x00ED6BE0+945120]\n\tOrdinal0 [0x00ED7AD6+948950]\n\tGetHandleVerifier [0x012A71F2+2712546]\n\tGetHandleVerifier [0x0129886D+2652765]\n\tGetHandleVerifier [0x0109002A+520730]\n\tGetHandleVerifier [0x0108EE06+516086]\n\tOrdinal0 [0x00FA468B+1787531]\n\tOrdinal0 [0x00FA8E88+1805960]\n\tOrdinal0 [0x00FA8F75+1806197]\n\tOrdinal0 [0x00FB1DF1+1842673]\n\tBaseThreadInitThunk [0x755FFA29+25]\n\tRtlGetAppContainerNamedObjectPath [0x77137A9E+286]\n\tRtlGetAppContainerNamedObjectPath [0x77137A6E+238]\n"}} | headers=HTTPHeaderDict({'Content-Length': '940', 'Content-Type': 'application/json; charset=utf-8', 'cache-control': 'no-cache'})
2022-07-19 01:47:51,850 Finished Request
